{"/home/luansevero/projetos/projeto21-singmeasong/back-end/src/app.ts": {"path":"/home/luansevero/projetos/projeto21-singmeasong/back-end/src/app.ts","statementMap":{"0":{"start":{"line":1,"column":0},"end":{"line":1,"column":24}},"1":{"start":{"line":2,"column":0},"end":{"line":2,"column":30}},"2":{"start":{"line":3,"column":0},"end":{"line":3,"column":30}},"3":{"start":{"line":4,"column":0},"end":{"line":4,"column":78}},"4":{"start":{"line":5,"column":0},"end":{"line":5,"column":66}},"5":{"start":{"line":7,"column":12},"end":{"line":7,"column":21}},"6":{"start":{"line":8,"column":0},"end":{"line":8,"column":16}},"7":{"start":{"line":9,"column":0},"end":{"line":9,"column":24}},"8":{"start":{"line":11,"column":0},"end":{"line":11,"column":50}},"9":{"start":{"line":12,"column":0},"end":{"line":12,"column":32}},"10":{"start":{"line":14,"column":0},"end":{"line":14,"column":19}}},"fnMap":{},"branchMap":{},"s":{"0":1,"1":1,"2":1,"3":1,"4":1,"5":1,"6":1,"7":1,"8":1,"9":1,"10":1},"f":{},"b":{}}
,"/home/luansevero/projetos/projeto21-singmeasong/back-end/src/database.ts": {"path":"/home/luansevero/projetos/projeto21-singmeasong/back-end/src/database.ts","statementMap":{"0":{"start":{"line":1,"column":0},"end":{"line":1,"column":33}},"1":{"start":{"line":3,"column":25},"end":{"line":3,"column":28}},"2":{"start":{"line":4,"column":13},"end":{"line":4,"column":41}}},"fnMap":{},"branchMap":{},"s":{"0":1,"1":1,"2":1},"f":{},"b":{}}
,"/home/luansevero/projetos/projeto21-singmeasong/back-end/src/controllers/recommendationController.ts": {"path":"/home/luansevero/projetos/projeto21-singmeasong/back-end/src/controllers/recommendationController.ts","statementMap":{"0":{"start":{"line":2,"column":0},"end":{"line":2,"column":73}},"1":{"start":{"line":3,"column":0},"end":{"line":3,"column":75}},"2":{"start":{"line":4,"column":0},"end":{"line":4,"column":55}},"3":{"start":{"line":7,"column":21},"end":{"line":7,"column":60}},"4":{"start":{"line":8,"column":2},"end":{"line":10,"column":null}},"5":{"start":{"line":9,"column":4},"end":{"line":9,"column":29}},"6":{"start":{"line":12,"column":2},"end":{"line":12,"column":47}},"7":{"start":{"line":14,"column":2},"end":{"line":14,"column":22}},"8":{"start":{"line":18,"column":17},"end":{"line":18,"column":27}},"9":{"start":{"line":20,"column":2},"end":{"line":20,"column":42}},"10":{"start":{"line":22,"column":2},"end":{"line":22,"column":22}},"11":{"start":{"line":26,"column":17},"end":{"line":26,"column":27}},"12":{"start":{"line":28,"column":2},"end":{"line":28,"column":44}},"13":{"start":{"line":30,"column":2},"end":{"line":30,"column":22}},"14":{"start":{"line":34,"column":31},"end":{"line":34,"column":70}},"15":{"start":{"line":36,"column":2},"end":{"line":36,"column":33}},"16":{"start":{"line":40,"column":26},"end":{"line":40,"column":59}},"17":{"start":{"line":41,"column":2},"end":{"line":41,"column":28}},"18":{"start":{"line":45,"column":21},"end":{"line":45,"column":31}},"19":{"start":{"line":47,"column":26},"end":{"line":47,"column":69}},"20":{"start":{"line":48,"column":2},"end":{"line":48,"column":28}},"21":{"start":{"line":52,"column":17},"end":{"line":52,"column":27}},"22":{"start":{"line":54,"column":25},"end":{"line":54,"column":65}},"23":{"start":{"line":55,"column":2},"end":{"line":55,"column":27}},"24":{"start":{"line":58,"column":13},"end":{"line":66,"column":2}}},"fnMap":{"0":{"name":"insert","decl":{"start":{"line":6,"column":15},"end":{"line":6,"column":21}},"loc":{"start":{"line":6,"column":49},"end":{"line":15,"column":null}}},"1":{"name":"upvote","decl":{"start":{"line":17,"column":15},"end":{"line":17,"column":21}},"loc":{"start":{"line":17,"column":49},"end":{"line":23,"column":null}}},"2":{"name":"downvote","decl":{"start":{"line":25,"column":15},"end":{"line":25,"column":23}},"loc":{"start":{"line":25,"column":51},"end":{"line":31,"column":null}}},"3":{"name":"random","decl":{"start":{"line":33,"column":15},"end":{"line":33,"column":21}},"loc":{"start":{"line":33,"column":49},"end":{"line":37,"column":null}}},"4":{"name":"get","decl":{"start":{"line":39,"column":15},"end":{"line":39,"column":18}},"loc":{"start":{"line":39,"column":46},"end":{"line":42,"column":null}}},"5":{"name":"getTop","decl":{"start":{"line":44,"column":15},"end":{"line":44,"column":21}},"loc":{"start":{"line":44,"column":49},"end":{"line":49,"column":null}}},"6":{"name":"getById","decl":{"start":{"line":51,"column":15},"end":{"line":51,"column":22}},"loc":{"start":{"line":51,"column":50},"end":{"line":56,"column":null}}}},"branchMap":{"0":{"loc":{"start":{"line":8,"column":2},"end":{"line":10,"column":null}},"type":"if","locations":[{"start":{"line":8,"column":2},"end":{"line":10,"column":null}}]}},"s":{"0":1,"1":1,"2":1,"3":3,"4":3,"5":1,"6":2,"7":1,"8":2,"9":2,"10":1,"11":4,"12":4,"13":2,"14":0,"15":0,"16":0,"17":0,"18":0,"19":0,"20":0,"21":0,"22":0,"23":0,"24":1},"f":{"0":3,"1":2,"2":4,"3":0,"4":0,"5":0,"6":0},"b":{"0":[1]}}
,"/home/luansevero/projetos/projeto21-singmeasong/back-end/src/middlewares/errorHandlerMiddleware.ts": {"path":"/home/luansevero/projetos/projeto21-singmeasong/back-end/src/middlewares/errorHandlerMiddleware.ts","statementMap":{"0":{"start":{"line":2,"column":0},"end":{"line":2,"column":null}},"1":{"start":{"line":14,"column":2},"end":{"line":16,"column":null}},"2":{"start":{"line":15,"column":4},"end":{"line":15,"column":73}},"3":{"start":{"line":18,"column":2},"end":{"line":18,"column":29}},"4":{"start":{"line":8,"column":0},"end":{"line":8,"column":16}}},"fnMap":{"0":{"name":"errorHandlerMiddleware","decl":{"start":{"line":8,"column":16},"end":{"line":8,"column":38}},"loc":{"start":{"line":12,"column":20},"end":{"line":19,"column":1}}}},"branchMap":{"0":{"loc":{"start":{"line":14,"column":2},"end":{"line":16,"column":null}},"type":"if","locations":[{"start":{"line":14,"column":2},"end":{"line":16,"column":null}}]}},"s":{"0":1,"1":5,"2":5,"3":0,"4":1},"f":{"0":5},"b":{"0":[5]}}
,"/home/luansevero/projetos/projeto21-singmeasong/back-end/src/repositories/recommendationRepository.ts": {"path":"/home/luansevero/projetos/projeto21-singmeasong/back-end/src/repositories/recommendationRepository.ts","statementMap":{"0":{"start":{"line":2,"column":0},"end":{"line":2,"column":37}},"1":{"start":{"line":6,"column":2},"end":{"line":8,"column":5}},"2":{"start":{"line":17,"column":17},"end":{"line":17,"column":47}},"3":{"start":{"line":19,"column":2},"end":{"line":23,"column":5}},"4":{"start":{"line":27,"column":2},"end":{"line":30,"column":5}},"5":{"start":{"line":36,"column":2},"end":{"line":36,"column":31}},"6":{"start":{"line":36,"column":21},"end":{"line":36,"column":31}},"7":{"start":{"line":38,"column":33},"end":{"line":38,"column":45}},"8":{"start":{"line":40,"column":2},"end":{"line":42,"column":4}},"9":{"start":{"line":46,"column":2},"end":{"line":48,"column":5}},"10":{"start":{"line":52,"column":2},"end":{"line":54,"column":5}},"11":{"start":{"line":58,"column":2},"end":{"line":63,"column":5}},"12":{"start":{"line":67,"column":2},"end":{"line":69,"column":5}},"13":{"start":{"line":72,"column":13},"end":{"line":80,"column":2}}},"fnMap":{"0":{"name":"create","decl":{"start":{"line":5,"column":15},"end":{"line":5,"column":21}},"loc":{"start":{"line":5,"column":72},"end":{"line":9,"column":null}}},"1":{"name":"findAll","decl":{"start":{"line":16,"column":9},"end":{"line":16,"column":16}},"loc":{"start":{"line":16,"column":44},"end":{"line":24,"column":1}}},"2":{"name":"getAmountByScore","decl":{"start":{"line":26,"column":9},"end":{"line":26,"column":25}},"loc":{"start":{"line":26,"column":38},"end":{"line":31,"column":1}}},"3":{"name":"getFindAllFilter","decl":{"start":{"line":33,"column":9},"end":{"line":33,"column":25}},"loc":{"start":{"line":34,"column":29},"end":{"line":43,"column":1}}},"4":{"name":"find","decl":{"start":{"line":45,"column":9},"end":{"line":45,"column":13}},"loc":{"start":{"line":45,"column":24},"end":{"line":49,"column":1}}},"5":{"name":"findByName","decl":{"start":{"line":51,"column":9},"end":{"line":51,"column":19}},"loc":{"start":{"line":51,"column":32},"end":{"line":55,"column":1}}},"6":{"name":"updateScore","decl":{"start":{"line":57,"column":15},"end":{"line":57,"column":26}},"loc":{"start":{"line":57,"column":75},"end":{"line":64,"column":null}}},"7":{"name":"remove","decl":{"start":{"line":66,"column":15},"end":{"line":66,"column":21}},"loc":{"start":{"line":66,"column":32},"end":{"line":70,"column":null}}}},"branchMap":{"0":{"loc":{"start":{"line":36,"column":2},"end":{"line":36,"column":31}},"type":"if","locations":[{"start":{"line":36,"column":2},"end":{"line":36,"column":31}}]}},"s":{"0":1,"1":1,"2":0,"3":0,"4":0,"5":0,"6":0,"7":0,"8":0,"9":6,"10":2,"11":3,"12":1,"13":1},"f":{"0":1,"1":0,"2":0,"3":0,"4":6,"5":2,"6":3,"7":1},"b":{"0":[0]}}
,"/home/luansevero/projetos/projeto21-singmeasong/back-end/src/routers/recommendationRouter.ts": {"path":"/home/luansevero/projetos/projeto21-singmeasong/back-end/src/routers/recommendationRouter.ts","statementMap":{"0":{"start":{"line":1,"column":0},"end":{"line":1,"column":33}},"1":{"start":{"line":2,"column":0},"end":{"line":2,"column":83}},"2":{"start":{"line":4,"column":29},"end":{"line":4,"column":37}},"3":{"start":{"line":6,"column":0},"end":{"line":6,"column":64}},"4":{"start":{"line":7,"column":0},"end":{"line":7,"column":60}},"5":{"start":{"line":8,"column":0},"end":{"line":8,"column":69}},"6":{"start":{"line":9,"column":0},"end":{"line":9,"column":74}},"7":{"start":{"line":10,"column":0},"end":{"line":10,"column":67}},"8":{"start":{"line":11,"column":0},"end":{"line":11,"column":74}},"9":{"start":{"line":12,"column":0},"end":{"line":12,"column":78}},"10":{"start":{"line":14,"column":0},"end":{"line":14,"column":36}}},"fnMap":{},"branchMap":{},"s":{"0":1,"1":1,"2":1,"3":1,"4":1,"5":1,"6":1,"7":1,"8":1,"9":1,"10":1},"f":{},"b":{}}
,"/home/luansevero/projetos/projeto21-singmeasong/back-end/src/schemas/recommendationsSchemas.ts": {"path":"/home/luansevero/projetos/projeto21-singmeasong/back-end/src/schemas/recommendationsSchemas.ts","statementMap":{"0":{"start":{"line":1,"column":0},"end":{"line":1,"column":22}},"1":{"start":{"line":4,"column":25},"end":{"line":4,"column":78}},"2":{"start":{"line":6,"column":13},"end":{"line":9,"column":3}}},"fnMap":{},"branchMap":{},"s":{"0":1,"1":1,"2":1},"f":{},"b":{}}
,"/home/luansevero/projetos/projeto21-singmeasong/back-end/src/services/recommendationsService.ts": {"path":"/home/luansevero/projetos/projeto21-singmeasong/back-end/src/services/recommendationsService.ts","statementMap":{"0":{"start":{"line":2,"column":0},"end":{"line":2,"column":84}},"1":{"start":{"line":3,"column":0},"end":{"line":3,"column":67}},"2":{"start":{"line":8,"column":33},"end":{"line":9,"column":null}},"3":{"start":{"line":11,"column":2},"end":{"line":12,"column":64}},"4":{"start":{"line":12,"column":4},"end":{"line":12,"column":64}},"5":{"start":{"line":14,"column":2},"end":{"line":14,"column":66}},"6":{"start":{"line":18,"column":2},"end":{"line":18,"column":26}},"7":{"start":{"line":20,"column":2},"end":{"line":20,"column":62}},"8":{"start":{"line":24,"column":2},"end":{"line":24,"column":26}},"9":{"start":{"line":26,"column":32},"end":{"line":28,"column":null}},"10":{"start":{"line":31,"column":2},"end":{"line":33,"column":null}},"11":{"start":{"line":32,"column":4},"end":{"line":32,"column":46}},"12":{"start":{"line":37,"column":25},"end":{"line":37,"column":64}},"13":{"start":{"line":38,"column":2},"end":{"line":38,"column":45}},"14":{"start":{"line":38,"column":23},"end":{"line":38,"column":45}},"15":{"start":{"line":40,"column":2},"end":{"line":40,"column":24}},"16":{"start":{"line":44,"column":2},"end":{"line":44,"column":44}},"17":{"start":{"line":48,"column":2},"end":{"line":48,"column":59}},"18":{"start":{"line":52,"column":17},"end":{"line":52,"column":30}},"19":{"start":{"line":53,"column":22},"end":{"line":53,"column":44}},"20":{"start":{"line":55,"column":26},"end":{"line":55,"column":55}},"21":{"start":{"line":56,"column":2},"end":{"line":58,"column":null}},"22":{"start":{"line":57,"column":4},"end":{"line":57,"column":26}},"23":{"start":{"line":60,"column":22},"end":{"line":60,"column":72}},"24":{"start":{"line":61,"column":2},"end":{"line":61,"column":38}},"25":{"start":{"line":65,"column":26},"end":{"line":68,"column":4}},"26":{"start":{"line":70,"column":2},"end":{"line":72,"column":null}},"27":{"start":{"line":71,"column":4},"end":{"line":71,"column":27}},"28":{"start":{"line":74,"column":2},"end":{"line":74,"column":44}},"29":{"start":{"line":78,"column":2},"end":{"line":80,"column":null}},"30":{"start":{"line":79,"column":4},"end":{"line":79,"column":16}},"31":{"start":{"line":82,"column":2},"end":{"line":82,"column":15}},"32":{"start":{"line":85,"column":13},"end":{"line":93,"column":2}}},"fnMap":{"0":{"name":"insert","decl":{"start":{"line":7,"column":15},"end":{"line":7,"column":21}},"loc":{"start":{"line":7,"column":72},"end":{"line":15,"column":null}}},"1":{"name":"upvote","decl":{"start":{"line":17,"column":15},"end":{"line":17,"column":21}},"loc":{"start":{"line":17,"column":32},"end":{"line":21,"column":null}}},"2":{"name":"downvote","decl":{"start":{"line":23,"column":15},"end":{"line":23,"column":23}},"loc":{"start":{"line":23,"column":34},"end":{"line":34,"column":null}}},"3":{"name":"getByIdOrFail","decl":{"start":{"line":36,"column":15},"end":{"line":36,"column":28}},"loc":{"start":{"line":36,"column":39},"end":{"line":41,"column":null}}},"4":{"name":"get","decl":{"start":{"line":43,"column":15},"end":{"line":43,"column":18}},"loc":{"start":{"line":43,"column":18},"end":{"line":45,"column":null}}},"5":{"name":"getTop","decl":{"start":{"line":47,"column":15},"end":{"line":47,"column":21}},"loc":{"start":{"line":47,"column":36},"end":{"line":49,"column":null}}},"6":{"name":"getRandom","decl":{"start":{"line":51,"column":15},"end":{"line":51,"column":24}},"loc":{"start":{"line":51,"column":24},"end":{"line":62,"column":null}}},"7":{"name":"getByScore","decl":{"start":{"line":64,"column":15},"end":{"line":64,"column":25}},"loc":{"start":{"line":64,"column":51},"end":{"line":75,"column":null}}},"8":{"name":"getScoreFilter","decl":{"start":{"line":77,"column":9},"end":{"line":77,"column":23}},"loc":{"start":{"line":77,"column":38},"end":{"line":83,"column":1}}}},"branchMap":{"0":{"loc":{"start":{"line":11,"column":2},"end":{"line":12,"column":64}},"type":"if","locations":[{"start":{"line":11,"column":2},"end":{"line":12,"column":64}}]},"1":{"loc":{"start":{"line":31,"column":2},"end":{"line":33,"column":null}},"type":"if","locations":[{"start":{"line":31,"column":2},"end":{"line":33,"column":null}}]},"2":{"loc":{"start":{"line":38,"column":2},"end":{"line":38,"column":45}},"type":"if","locations":[{"start":{"line":38,"column":2},"end":{"line":38,"column":45}}]},"3":{"loc":{"start":{"line":56,"column":2},"end":{"line":58,"column":null}},"type":"if","locations":[{"start":{"line":56,"column":2},"end":{"line":58,"column":null}}]},"4":{"loc":{"start":{"line":70,"column":2},"end":{"line":72,"column":null}},"type":"if","locations":[{"start":{"line":70,"column":2},"end":{"line":72,"column":null}}]},"5":{"loc":{"start":{"line":78,"column":2},"end":{"line":80,"column":null}},"type":"if","locations":[{"start":{"line":78,"column":2},"end":{"line":80,"column":null}}]}},"s":{"0":1,"1":1,"2":2,"3":2,"4":1,"5":1,"6":2,"7":1,"8":4,"9":2,"10":2,"11":1,"12":6,"13":6,"14":3,"15":3,"16":0,"17":0,"18":0,"19":0,"20":0,"21":0,"22":0,"23":0,"24":0,"25":0,"26":0,"27":0,"28":0,"29":0,"30":0,"31":0,"32":1},"f":{"0":2,"1":2,"2":4,"3":6,"4":0,"5":0,"6":0,"7":0,"8":0},"b":{"0":[1],"1":[1],"2":[3],"3":[0],"4":[0],"5":[0]}}
,"/home/luansevero/projetos/projeto21-singmeasong/back-end/src/utils/errorUtils.ts": {"path":"/home/luansevero/projetos/projeto21-singmeasong/back-end/src/utils/errorUtils.ts","statementMap":{"0":{"start":{"line":8,"column":2},"end":{"line":8,"column":48}},"1":{"start":{"line":7,"column":0},"end":{"line":7,"column":16}},"2":{"start":{"line":12,"column":2},"end":{"line":12,"column":38}},"3":{"start":{"line":12,"column":27},"end":{"line":12,"column":38}},"4":{"start":{"line":13,"column":2},"end":{"line":13,"column":39}},"5":{"start":{"line":13,"column":28},"end":{"line":13,"column":39}},"6":{"start":{"line":14,"column":2},"end":{"line":14,"column":42}},"7":{"start":{"line":14,"column":31},"end":{"line":14,"column":42}},"8":{"start":{"line":15,"column":2},"end":{"line":15,"column":42}},"9":{"start":{"line":15,"column":31},"end":{"line":15,"column":42}},"10":{"start":{"line":16,"column":2},"end":{"line":16,"column":13}},"11":{"start":{"line":11,"column":0},"end":{"line":11,"column":16}},"12":{"start":{"line":20,"column":2},"end":{"line":20,"column":54}},"13":{"start":{"line":19,"column":0},"end":{"line":19,"column":16}},"14":{"start":{"line":24,"column":2},"end":{"line":24,"column":55}},"15":{"start":{"line":23,"column":0},"end":{"line":23,"column":16}},"16":{"start":{"line":28,"column":2},"end":{"line":28,"column":58}},"17":{"start":{"line":27,"column":0},"end":{"line":27,"column":16}},"18":{"start":{"line":32,"column":2},"end":{"line":32,"column":58}},"19":{"start":{"line":31,"column":0},"end":{"line":31,"column":16}}},"fnMap":{"0":{"name":"isAppError","decl":{"start":{"line":7,"column":16},"end":{"line":7,"column":26}},"loc":{"start":{"line":7,"column":40},"end":{"line":9,"column":1}}},"1":{"name":"errorTypeToStatusCode","decl":{"start":{"line":11,"column":16},"end":{"line":11,"column":37}},"loc":{"start":{"line":11,"column":57},"end":{"line":17,"column":1}}},"2":{"name":"conflictError","decl":{"start":{"line":19,"column":16},"end":{"line":19,"column":29}},"loc":{"start":{"line":19,"column":46},"end":{"line":21,"column":1}}},"3":{"name":"notFoundError","decl":{"start":{"line":23,"column":16},"end":{"line":23,"column":29}},"loc":{"start":{"line":23,"column":46},"end":{"line":25,"column":1}}},"4":{"name":"unauthorizedError","decl":{"start":{"line":27,"column":16},"end":{"line":27,"column":33}},"loc":{"start":{"line":27,"column":50},"end":{"line":29,"column":1}}},"5":{"name":"wrongSchemaError","decl":{"start":{"line":31,"column":16},"end":{"line":31,"column":32}},"loc":{"start":{"line":31,"column":49},"end":{"line":33,"column":1}}}},"branchMap":{"0":{"loc":{"start":{"line":12,"column":2},"end":{"line":12,"column":38}},"type":"if","locations":[{"start":{"line":12,"column":2},"end":{"line":12,"column":38}}]},"1":{"loc":{"start":{"line":13,"column":2},"end":{"line":13,"column":39}},"type":"if","locations":[{"start":{"line":13,"column":2},"end":{"line":13,"column":39}}]},"2":{"loc":{"start":{"line":14,"column":2},"end":{"line":14,"column":42}},"type":"if","locations":[{"start":{"line":14,"column":2},"end":{"line":14,"column":42}}]},"3":{"loc":{"start":{"line":15,"column":2},"end":{"line":15,"column":42}},"type":"if","locations":[{"start":{"line":15,"column":2},"end":{"line":15,"column":42}}]},"4":{"loc":{"start":{"line":20,"column":38},"end":{"line":20,"column":51}},"type":"cond-expr","locations":[{"start":{"line":20,"column":38},"end":{"line":20,"column":45}},{"start":{"line":20,"column":49},"end":{"line":20,"column":51}}]},"5":{"loc":{"start":{"line":20,"column":38},"end":{"line":20,"column":49}},"type":"binary-expr","locations":[{"start":{"line":20,"column":38},"end":{"line":20,"column":49}},{"start":{"line":20,"column":38},"end":{"line":20,"column":49}}]},"6":{"loc":{"start":{"line":24,"column":39},"end":{"line":24,"column":52}},"type":"cond-expr","locations":[{"start":{"line":24,"column":39},"end":{"line":24,"column":46}},{"start":{"line":24,"column":50},"end":{"line":24,"column":52}}]},"7":{"loc":{"start":{"line":24,"column":39},"end":{"line":24,"column":50}},"type":"binary-expr","locations":[{"start":{"line":24,"column":39},"end":{"line":24,"column":50}},{"start":{"line":24,"column":39},"end":{"line":24,"column":50}}]},"8":{"loc":{"start":{"line":28,"column":42},"end":{"line":28,"column":55}},"type":"cond-expr","locations":[{"start":{"line":28,"column":42},"end":{"line":28,"column":49}},{"start":{"line":28,"column":53},"end":{"line":28,"column":55}}]},"9":{"loc":{"start":{"line":28,"column":42},"end":{"line":28,"column":53}},"type":"binary-expr","locations":[{"start":{"line":28,"column":42},"end":{"line":28,"column":53}},{"start":{"line":28,"column":42},"end":{"line":28,"column":53}}]},"10":{"loc":{"start":{"line":32,"column":42},"end":{"line":32,"column":55}},"type":"cond-expr","locations":[{"start":{"line":32,"column":42},"end":{"line":32,"column":49}},{"start":{"line":32,"column":53},"end":{"line":32,"column":55}}]},"11":{"loc":{"start":{"line":32,"column":42},"end":{"line":32,"column":53}},"type":"binary-expr","locations":[{"start":{"line":32,"column":42},"end":{"line":32,"column":53}},{"start":{"line":32,"column":42},"end":{"line":32,"column":53}}]}},"s":{"0":5,"1":1,"2":5,"3":1,"4":4,"5":3,"6":1,"7":0,"8":1,"9":1,"10":0,"11":1,"12":1,"13":1,"14":3,"15":1,"16":0,"17":1,"18":1,"19":1},"f":{"0":5,"1":5,"2":1,"3":3,"4":0,"5":1},"b":{"0":[1],"1":[3],"2":[0],"3":[1],"4":[1,0],"5":[1,1],"6":[0,3],"7":[3,3],"8":[0,0],"9":[0,0],"10":[0,1],"11":[1,1]}}
,"/home/luansevero/projetos/projeto21-singmeasong/back-end/tests/factories/recommendationFactory.ts": {"path":"/home/luansevero/projetos/projeto21-singmeasong/back-end/tests/factories/recommendationFactory.ts","statementMap":{"0":{"start":{"line":1,"column":0},"end":{"line":1,"column":44}},"1":{"start":{"line":6,"column":24},"end":{"line":9,"column":6}},"2":{"start":{"line":10,"column":4},"end":{"line":13,"column":6}},"3":{"start":{"line":17,"column":27},"end":{"line":20,"column":6}},"4":{"start":{"line":21,"column":4},"end":{"line":21,"column":null}},"5":{"start":{"line":22,"column":4},"end":{"line":22,"column":null}},"6":{"start":{"line":23,"column":4},"end":{"line":23,"column":null}},"7":{"start":{"line":26,"column":0},"end":{"line":29,"column":null}}},"fnMap":{"0":{"name":"__createMusic","decl":{"start":{"line":3,"column":9},"end":{"line":3,"column":22}},"loc":{"start":{"line":4,"column":49},"end":{"line":14,"column":1}}},"1":{"name":"__getWorstRecommendation","decl":{"start":{"line":16,"column":15},"end":{"line":16,"column":39}},"loc":{"start":{"line":16,"column":39},"end":{"line":24,"column":null}}}},"branchMap":{},"s":{"0":1,"1":3,"2":3,"3":1,"4":1,"5":1,"6":1,"7":1},"f":{"0":3,"1":1},"b":{}}
}
