TN:
SF:prisma/seed/seedConfig.ts
FNF:0
FNH:0
DA:1,1
DA:2,1
LF:2
LH:2
BRF:0
BRH:0
end_of_record
TN:
SF:prisma/seed/seedInsert.ts
FN:3,recommendations
FNF:1
FNH:1
FNDA:1,recommendations
DA:1,1
DA:4,1
DA:5,1
DA:6,1
DA:22,1
DA:24,0
DA:25,0
DA:27,1
DA:31,1
LF:9
LH:7
BRF:0
BRH:0
end_of_record
TN:
SF:src/app.ts
FNF:0
FNH:0
DA:1,1
DA:2,1
DA:3,1
DA:4,1
DA:5,1
DA:7,1
DA:8,1
DA:9,1
DA:11,1
DA:12,1
DA:14,1
LF:11
LH:11
BRF:0
BRH:0
end_of_record
TN:
SF:src/database.ts
FNF:0
FNH:0
DA:1,1
DA:3,1
DA:4,1
LF:3
LH:3
BRF:0
BRH:0
end_of_record
TN:
SF:src/controllers/recommendationController.ts
FN:6,insert
FN:17,upvote
FN:25,downvote
FN:33,random
FN:39,get
FN:44,getTop
FN:51,getById
FNF:7
FNH:7
FNDA:3,insert
FNDA:2,upvote
FNDA:4,downvote
FNDA:2,random
FNDA:1,get
FNDA:3,getTop
FNDA:2,getById
DA:2,1
DA:3,1
DA:4,1
DA:7,3
DA:8,3
DA:9,1
DA:12,2
DA:14,1
DA:18,2
DA:20,2
DA:22,1
DA:26,4
DA:28,4
DA:30,2
DA:34,2
DA:36,1
DA:40,1
DA:41,1
DA:45,3
DA:47,3
DA:48,3
DA:52,2
DA:54,2
DA:55,1
DA:58,1
LF:25
LH:25
BRDA:8,0,0,1
BRF:1
BRH:1
end_of_record
TN:
SF:src/middlewares/errorHandlerMiddleware.ts
FN:8,errorHandlerMiddleware
FNF:1
FNH:1
FNDA:7,errorHandlerMiddleware
DA:2,1
DA:8,1
DA:14,7
DA:15,7
DA:18,0
LF:5
LH:4
BRDA:14,0,0,7
BRF:1
BRH:1
end_of_record
TN:
SF:src/repositories/recommendationRepository.ts
FN:5,create
FN:16,findAll
FN:26,getAmountByScore
FN:33,getFindAllFilter
FN:45,find
FN:51,findByName
FN:57,updateScore
FN:66,remove
FNF:8
FNH:8
FNDA:1,create
FNDA:4,findAll
FNDA:3,getAmountByScore
FNDA:4,getFindAllFilter
FNDA:8,find
FNDA:2,findByName
FNDA:3,updateScore
FNDA:1,remove
DA:2,1
DA:6,1
DA:17,4
DA:19,4
DA:27,3
DA:36,4
DA:38,2
DA:40,2
DA:46,8
DA:52,2
DA:58,3
DA:67,1
DA:72,1
LF:13
LH:13
BRDA:36,0,0,2
BRF:1
BRH:1
end_of_record
TN:
SF:src/routers/recommendationRouter.ts
FNF:0
FNH:0
DA:1,1
DA:2,1
DA:4,1
DA:6,1
DA:7,1
DA:8,1
DA:9,1
DA:10,1
DA:11,1
DA:12,1
DA:14,1
LF:11
LH:11
BRF:0
BRH:0
end_of_record
TN:
SF:src/schemas/recommendationsSchemas.ts
FNF:0
FNH:0
DA:1,1
DA:4,1
DA:6,1
LF:3
LH:3
BRF:0
BRH:0
end_of_record
TN:
SF:src/services/recommendationsService.ts
FN:7,insert
FN:17,upvote
FN:23,downvote
FN:36,getByIdOrFail
FN:43,get
FN:47,getTop
FN:51,getRandom
FN:64,getByScore
FN:77,getScoreFilter
FNF:9
FNH:9
FNDA:2,insert
FNDA:2,upvote
FNDA:4,downvote
FNDA:8,getByIdOrFail
FNDA:1,get
FNDA:3,getTop
FNDA:2,getRandom
FNDA:2,getByScore
FNDA:2,getScoreFilter
DA:2,1
DA:3,1
DA:8,2
DA:11,2
DA:12,1
DA:14,1
DA:18,2
DA:20,1
DA:24,4
DA:26,2
DA:31,2
DA:32,1
DA:37,8
DA:38,8
DA:40,4
DA:44,1
DA:48,3
DA:52,2
DA:53,2
DA:55,2
DA:56,2
DA:57,1
DA:60,1
DA:61,1
DA:65,2
DA:70,2
DA:71,1
DA:74,1
DA:78,2
DA:79,1
DA:82,1
DA:85,1
LF:32
LH:32
BRDA:11,0,0,1
BRDA:31,1,0,1
BRDA:38,2,0,4
BRDA:56,3,0,1
BRDA:70,4,0,1
BRDA:78,5,0,1
BRF:6
BRH:6
end_of_record
TN:
SF:src/utils/errorUtils.ts
FN:7,isAppError
FN:11,errorTypeToStatusCode
FN:19,conflictError
FN:23,notFoundError
FN:27,unauthorizedError
FN:31,wrongSchemaError
FNF:6
FNH:5
FNDA:7,isAppError
FNDA:7,errorTypeToStatusCode
FNDA:1,conflictError
FNDA:5,notFoundError
FNDA:0,unauthorizedError
FNDA:1,wrongSchemaError
DA:7,1
DA:8,7
DA:11,1
DA:12,7
DA:13,6
DA:14,1
DA:15,1
DA:16,0
DA:19,1
DA:20,1
DA:23,1
DA:24,5
DA:27,1
DA:28,0
DA:31,1
DA:32,1
LF:16
LH:14
BRDA:12,0,0,1
BRDA:13,1,0,5
BRDA:14,2,0,0
BRDA:15,3,0,1
BRDA:20,4,0,1
BRDA:20,4,1,0
BRDA:20,5,0,1
BRDA:20,5,1,1
BRDA:24,6,0,0
BRDA:24,6,1,5
BRDA:24,7,0,5
BRDA:24,7,1,5
BRDA:28,8,0,0
BRDA:28,8,1,0
BRDA:28,9,0,0
BRDA:28,9,1,0
BRDA:32,10,0,0
BRDA:32,10,1,1
BRDA:32,11,0,1
BRDA:32,11,1,1
BRF:20
BRH:12
end_of_record
TN:
SF:tests/factories/recommendationFactory.ts
FN:4,__createRecommendation
FN:17,__getWorstRecommendationId
FN:27,__getBestRecommendationId
FN:35,__fillRecommendationTable
FNF:4
FNH:4
FNDA:3,__createRecommendation
FNDA:1,__getWorstRecommendationId
FNDA:1,__getBestRecommendationId
FNDA:1,__fillRecommendationTable
DA:1,1
DA:2,1
DA:7,3
DA:11,3
DA:18,1
DA:22,1
DA:23,1
DA:24,1
DA:28,1
DA:32,1
DA:36,1
DA:39,1
LF:12
LH:12
BRF:0
BRH:0
end_of_record
